96

0 108964
0 108966
0 108967
0 109415
0 109417
0 109418
0 128465
0 128467
0 128468
0 129199
0 129200
0 129201
0 256744
0 256745
0 256746
0 282150
0 282151
0 282153
0 282191
0 282193
0 304776
0 304777
0 304778
0 304985
0 304986
0 304987
0 306582
0 306584
0 306585
0 330371
0 330373
0 330374
0 330421
0 332019
0 332020
0 334235
0 334237
0 334238
0 334256
0 334257
0 334258
0 442383
0 442384
0 442385
0 491256
0 491257
0 492775
0 492776
0 494809
0 494810
0 494811
0 496349
0 496350
0 496601
0 515861
0 516736
0 517058
0 517061
0 517546
0 517547
0 517548
0 518699
0 601839
0 601840
0 601841
0 603347
0 603348
0 603349
0 603353
0 604764
0 604765
0 654463
0 654464
0 675236
0 675823
0 782458
0 782459
0 782460
0 799207
0 799209
0 799867
0 885259
0 898353
0 899163
0 899164
0 959070
0 975121
0 975127
0 975128
0 975129
0 975130
0 975214
0 975354
0 975355
0 998432
0 998433
