155

0 2520
0 2522
0 2523
0 8543
0 8544
0 8546
0 11728
0 11730
0 11731
0 34466
0 34467
0 34468
0 34469
0 35250
0 35252
0 35253
0 36673
0 36675
0 36676
0 40852
0 40853
0 40855
0 58509
0 58511
0 58512
0 70729
0 70731
0 70732
0 80954
0 80956
0 80957
0 87323
0 87324
0 87802
0 87804
0 87805
0 90364
0 90366
0 95598
0 95599
0 95600
0 95709
0 95711
0 95712
0 108794
0 108796
0 109633
0 109634
0 135774
0 135775
0 135776
0 155406
0 155407
0 170047
0 176220
0 176221
0 176222
0 176223
0 206349
0 206350
0 206351
0 212733
0 212734
0 212736
0 218084
0 218085
0 218086
0 218250
0 218251
0 260392
0 260394
0 271566
0 271568
0 289492
0 289494
0 295439
0 295440
0 311864
0 311865
0 311866
0 311981
0 311982
0 311984
0 311985
0 315201
0 315202
0 315219
0 315221
0 315244
0 315245
0 315246
0 315247
0 316101
0 316507
0 320926
0 320959
0 321083
0 321084
0 327098
0 327099
0 327101
0 327176
0 331811
0 331812
0 332523
0 332524
0 332525
0 332526
0 335551
0 335552
0 382598
0 382600
0 382601
0 382603
0 382604
0 382606
0 382607
0 382614
0 398068
0 404512
0 412262
0 412264
0 438129
0 438130
0 438157
0 467205
0 467206
0 467224
0 467225
0 467283
0 467284
0 467730
0 468075
0 468076
0 477204
0 496184
0 496186
0 496798
0 520152
0 520153
0 520724
0 526815
0 526816
0 526826
0 527175
0 531136
0 531137
0 531225
0 531226
0 531268
0 540136
0 545252
0 560646
0 560657
0 560662
